[30-Apr-2021 13:07:15 UTC] PHP Warning:  An unexpected error occurred. Something may be wrong with WordPress.org or this server&#8217;s configuration. If you continue to have problems, please try the <a href="https://wordpress.org/support/">support forums</a>. (WordPress could not establish a secure connection to WordPress.org. Please contact your server administrator.) in /Users/kbelford/Local Sites/fictional-university/app/public/wp-includes/update.php on line 384
[30-Apr-2021 13:07:15 UTC] PHP Stack trace:
[30-Apr-2021 13:07:15 UTC] PHP   1. {main}() /Users/kbelford/Local Sites/fictional-university/app/public/wp-cron.php:0
[30-Apr-2021 13:07:15 UTC] PHP   2. do_action_ref_array() /Users/kbelford/Local Sites/fictional-university/app/public/wp-cron.php:133
[30-Apr-2021 13:07:15 UTC] PHP   3. WP_Hook->do_action() /Users/kbelford/Local Sites/fictional-university/app/public/wp-includes/plugin.php:531
[30-Apr-2021 13:07:15 UTC] PHP   4. WP_Hook->apply_filters() /Users/kbelford/Local Sites/fictional-university/app/public/wp-includes/class-wp-hook.php:310
[30-Apr-2021 13:07:15 UTC] PHP   5. wp_update_plugins() /Users/kbelford/Local Sites/fictional-university/app/public/wp-includes/class-wp-hook.php:286
[30-Apr-2021 13:07:15 UTC] PHP   6. trigger_error() /Users/kbelford/Local Sites/fictional-university/app/public/wp-includes/update.php:384
[30-Apr-2021 13:07:35 UTC] PHP Warning:  An unexpected error occurred. Something may be wrong with WordPress.org or this server&#8217;s configuration. If you continue to have problems, please try the <a href="https://wordpress.org/support/">support forums</a>. (WordPress could not establish a secure connection to WordPress.org. Please contact your server administrator.) in /Users/kbelford/Local Sites/fictional-university/app/public/wp-includes/update.php on line 569
[30-Apr-2021 13:07:35 UTC] PHP Stack trace:
[30-Apr-2021 13:07:35 UTC] PHP   1. {main}() /Users/kbelford/Local Sites/fictional-university/app/public/wp-cron.php:0
[30-Apr-2021 13:07:35 UTC] PHP   2. do_action_ref_array() /Users/kbelford/Local Sites/fictional-university/app/public/wp-cron.php:133
[30-Apr-2021 13:07:35 UTC] PHP   3. WP_Hook->do_action() /Users/kbelford/Local Sites/fictional-university/app/public/wp-includes/plugin.php:531
[30-Apr-2021 13:07:35 UTC] PHP   4. WP_Hook->apply_filters() /Users/kbelford/Local Sites/fictional-university/app/public/wp-includes/class-wp-hook.php:310
[30-Apr-2021 13:07:35 UTC] PHP   5. wp_update_themes() /Users/kbelford/Local Sites/fictional-university/app/public/wp-includes/class-wp-hook.php:286
[30-Apr-2021 13:07:35 UTC] PHP   6. trigger_error() /Users/kbelford/Local Sites/fictional-university/app/public/wp-includes/update.php:569
[06-May-2021 13:08:10 UTC] PHP Parse error:  syntax error, unexpected 'wp_enqueue_style' (T_STRING) in /Users/kbelford/Local Sites/fictional-university/app/public/wp-content/themes/fictional-university-theme/functions.php on line 5
[06-May-2021 13:10:24 UTC] PHP Warning:  Use of undefined constant custom_google_fonts - assumed 'custom_google_fonts' (this will throw an Error in a future version of PHP) in /Users/kbelford/Local Sites/fictional-university/app/public/wp-content/themes/fictional-university-theme/functions.php on line 4
[06-May-2021 13:10:24 UTC] PHP Stack trace:
[06-May-2021 13:10:24 UTC] PHP   1. {main}() /Users/kbelford/Local Sites/fictional-university/app/public/index.php:0
[06-May-2021 13:10:24 UTC] PHP   2. require() /Users/kbelford/Local Sites/fictional-university/app/public/index.php:17
[06-May-2021 13:10:24 UTC] PHP   3. require_once() /Users/kbelford/Local Sites/fictional-university/app/public/wp-blog-header.php:19
[06-May-2021 13:10:24 UTC] PHP   4. include() /Users/kbelford/Local Sites/fictional-university/app/public/wp-includes/template-loader.php:78
[06-May-2021 13:10:24 UTC] PHP   5. get_header() /Users/kbelford/Local Sites/fictional-university/app/public/wp-content/themes/fictional-university-theme/index.php:1
[06-May-2021 13:10:24 UTC] PHP   6. locate_template() /Users/kbelford/Local Sites/fictional-university/app/public/wp-includes/general-template.php:41
[06-May-2021 13:10:24 UTC] PHP   7. load_template() /Users/kbelford/Local Sites/fictional-university/app/public/wp-includes/template.php:671
[06-May-2021 13:10:24 UTC] PHP   8. require_once() /Users/kbelford/Local Sites/fictional-university/app/public/wp-includes/template.php:722
[06-May-2021 13:10:24 UTC] PHP   9. wp_head() /Users/kbelford/Local Sites/fictional-university/app/public/wp-content/themes/fictional-university-theme/header.php:4
[06-May-2021 13:10:24 UTC] PHP  10. do_action() /Users/kbelford/Local Sites/fictional-university/app/public/wp-includes/general-template.php:2745
[06-May-2021 13:10:24 UTC] PHP  11. WP_Hook->do_action() /Users/kbelford/Local Sites/fictional-university/app/public/wp-includes/plugin.php:465
[06-May-2021 13:10:24 UTC] PHP  12. WP_Hook->apply_filters() /Users/kbelford/Local Sites/fictional-university/app/public/wp-includes/class-wp-hook.php:310
[06-May-2021 13:10:24 UTC] PHP  13. wp_enqueue_scripts() /Users/kbelford/Local Sites/fictional-university/app/public/wp-includes/class-wp-hook.php:286
[06-May-2021 13:10:24 UTC] PHP  14. do_action() /Users/kbelford/Local Sites/fictional-university/app/public/wp-includes/script-loader.php:2537
[06-May-2021 13:10:24 UTC] PHP  15. WP_Hook->do_action() /Users/kbelford/Local Sites/fictional-university/app/public/wp-includes/plugin.php:465
[06-May-2021 13:10:24 UTC] PHP  16. WP_Hook->apply_filters() /Users/kbelford/Local Sites/fictional-university/app/public/wp-includes/class-wp-hook.php:310
[06-May-2021 13:10:24 UTC] PHP  17. university_files() /Users/kbelford/Local Sites/fictional-university/app/public/wp-includes/class-wp-hook.php:286
[06-May-2021 13:21:26 UTC] PHP Fatal error:  Uncaught Error: Call to undefined function get_theme_tile_uri() in /Users/kbelford/Local Sites/fictional-university/app/public/wp-content/themes/fictional-university-theme/index.php:75
Stack trace:
#0 /Users/kbelford/Local Sites/fictional-university/app/public/wp-includes/template-loader.php(78): include()
#1 /Users/kbelford/Local Sites/fictional-university/app/public/wp-blog-header.php(19): require_once('/Users/kbelford...')
#2 /Users/kbelford/Local Sites/fictional-university/app/public/index.php(17): require('/Users/kbelford...')
#3 {main}
  thrown in /Users/kbelford/Local Sites/fictional-university/app/public/wp-content/themes/fictional-university-theme/index.php on line 75
[20-May-2021 13:59:30 UTC] PHP Fatal error:  Uncaught Error: Call to undefined function the_tile() in /Users/kbelford/Local Sites/fictional-university/app/public/wp-content/themes/fictional-university-theme/index.php:20
Stack trace:
#0 /Users/kbelford/Local Sites/fictional-university/app/public/wp-includes/template-loader.php(106): include()
#1 /Users/kbelford/Local Sites/fictional-university/app/public/wp-blog-header.php(19): require_once('/Users/kbelford...')
#2 /Users/kbelford/Local Sites/fictional-university/app/public/index.php(17): require('/Users/kbelford...')
#3 {main}
  thrown in /Users/kbelford/Local Sites/fictional-university/app/public/wp-content/themes/fictional-university-theme/index.php on line 20
[20-May-2021 14:00:45 UTC] PHP Fatal error:  Uncaught Error: Call to undefined function the_tile() in /Users/kbelford/Local Sites/fictional-university/app/public/wp-content/themes/fictional-university-theme/index.php:20
Stack trace:
#0 /Users/kbelford/Local Sites/fictional-university/app/public/wp-includes/template-loader.php(106): include()
#1 /Users/kbelford/Local Sites/fictional-university/app/public/wp-blog-header.php(19): require_once('/Users/kbelford...')
#2 /Users/kbelford/Local Sites/fictional-university/app/public/index.php(17): require('/Users/kbelford...')
#3 {main}
  thrown in /Users/kbelford/Local Sites/fictional-university/app/public/wp-content/themes/fictional-university-theme/index.php on line 20
[20-May-2021 14:00:46 UTC] PHP Fatal error:  Uncaught Error: Call to undefined function the_tile() in /Users/kbelford/Local Sites/fictional-university/app/public/wp-content/themes/fictional-university-theme/index.php:20
Stack trace:
#0 /Users/kbelford/Local Sites/fictional-university/app/public/wp-includes/template-loader.php(106): include()
#1 /Users/kbelford/Local Sites/fictional-university/app/public/wp-blog-header.php(19): require_once('/Users/kbelford...')
#2 /Users/kbelford/Local Sites/fictional-university/app/public/index.php(17): require('/Users/kbelford...')
#3 {main}
  thrown in /Users/kbelford/Local Sites/fictional-university/app/public/wp-content/themes/fictional-university-theme/index.php on line 20
[20-May-2021 14:01:56 UTC] PHP Fatal error:  Uncaught Error: Call to undefined function the_tile() in /Users/kbelford/Local Sites/fictional-university/app/public/wp-content/themes/fictional-university-theme/index.php:20
Stack trace:
#0 /Users/kbelford/Local Sites/fictional-university/app/public/wp-includes/template-loader.php(106): include()
#1 /Users/kbelford/Local Sites/fictional-university/app/public/wp-blog-header.php(19): require_once('/Users/kbelford...')
#2 /Users/kbelford/Local Sites/fictional-university/app/public/index.php(17): require('/Users/kbelford...')
#3 {main}
  thrown in /Users/kbelford/Local Sites/fictional-university/app/public/wp-content/themes/fictional-university-theme/index.php on line 20
[20-May-2021 14:02:53 UTC] PHP Fatal error:  Uncaught Error: Call to undefined function the_tile() in /Users/kbelford/Local Sites/fictional-university/app/public/wp-content/themes/fictional-university-theme/index.php:20
Stack trace:
#0 /Users/kbelford/Local Sites/fictional-university/app/public/wp-includes/template-loader.php(106): include()
#1 /Users/kbelford/Local Sites/fictional-university/app/public/wp-blog-header.php(19): require_once('/Users/kbelford...')
#2 /Users/kbelford/Local Sites/fictional-university/app/public/index.php(17): require('/Users/kbelford...')
#3 {main}
  thrown in /Users/kbelford/Local Sites/fictional-university/app/public/wp-content/themes/fictional-university-theme/index.php on line 20
[20-May-2021 14:04:35 UTC] PHP Fatal error:  Uncaught Error: Call to undefined function the_tite() in /Users/kbelford/Local Sites/fictional-university/app/public/wp-content/themes/fictional-university-theme/index.php:20
Stack trace:
#0 /Users/kbelford/Local Sites/fictional-university/app/public/wp-includes/template-loader.php(106): include()
#1 /Users/kbelford/Local Sites/fictional-university/app/public/wp-blog-header.php(19): require_once('/Users/kbelford...')
#2 /Users/kbelford/Local Sites/fictional-university/app/public/index.php(17): require('/Users/kbelford...')
#3 {main}
  thrown in /Users/kbelford/Local Sites/fictional-university/app/public/wp-content/themes/fictional-university-theme/index.php on line 20
[20-May-2021 14:04:35 UTC] PHP Fatal error:  Uncaught Error: Call to undefined function the_tite() in /Users/kbelford/Local Sites/fictional-university/app/public/wp-content/themes/fictional-university-theme/index.php:20
Stack trace:
#0 /Users/kbelford/Local Sites/fictional-university/app/public/wp-includes/template-loader.php(106): include()
#1 /Users/kbelford/Local Sites/fictional-university/app/public/wp-blog-header.php(19): require_once('/Users/kbelford...')
#2 /Users/kbelford/Local Sites/fictional-university/app/public/index.php(17): require('/Users/kbelford...')
#3 {main}
  thrown in /Users/kbelford/Local Sites/fictional-university/app/public/wp-content/themes/fictional-university-theme/index.php on line 20
[20-May-2021 14:06:57 UTC] PHP Fatal error:  Uncaught Error: Call to undefined function thepermalink() in /Users/kbelford/Local Sites/fictional-university/app/public/wp-content/themes/fictional-university-theme/index.php:28
Stack trace:
#0 /Users/kbelford/Local Sites/fictional-university/app/public/wp-includes/template-loader.php(106): include()
#1 /Users/kbelford/Local Sites/fictional-university/app/public/wp-blog-header.php(19): require_once('/Users/kbelford...')
#2 /Users/kbelford/Local Sites/fictional-university/app/public/index.php(17): require('/Users/kbelford...')
#3 {main}
  thrown in /Users/kbelford/Local Sites/fictional-university/app/public/wp-content/themes/fictional-university-theme/index.php on line 28
[20-May-2021 14:07:21 UTC] PHP Fatal error:  Uncaught Error: Call to undefined function thepermalink() in /Users/kbelford/Local Sites/fictional-university/app/public/wp-content/themes/fictional-university-theme/index.php:28
Stack trace:
#0 /Users/kbelford/Local Sites/fictional-university/app/public/wp-includes/template-loader.php(106): include()
#1 /Users/kbelford/Local Sites/fictional-university/app/public/wp-blog-header.php(19): require_once('/Users/kbelford...')
#2 /Users/kbelford/Local Sites/fictional-university/app/public/index.php(17): require('/Users/kbelford...')
#3 {main}
  thrown in /Users/kbelford/Local Sites/fictional-university/app/public/wp-content/themes/fictional-university-theme/index.php on line 28
[24-May-2021 13:55:18 UTC] PHP Parse error:  syntax error, unexpected end of file in /Users/kbelford/Local Sites/fictional-university/app/public/wp-content/themes/fictional-university-theme/archive.php on line 43
[24-May-2021 14:20:57 UTC] PHP Parse error:  syntax error, unexpected '>' in /Users/kbelford/Local Sites/fictional-university/app/public/wp-content/themes/fictional-university-theme/front-page.php on line 47
[24-May-2021 14:33:44 UTC] PHP Parse error:  syntax error, unexpected '<' in /Users/kbelford/Local Sites/fictional-university/app/public/wp-content/themes/fictional-university-theme/front-page.php on line 55
[24-May-2021 14:40:48 UTC] PHP Parse error:  syntax error, unexpected '/' in /Users/kbelford/Local Sites/fictional-university/app/public/wp-content/themes/fictional-university-theme/front-page.php on line 65
