[29-Apr-2021 06:21:26] NOTICE: fpm is running, pid 21249
[29-Apr-2021 06:21:26] NOTICE: ready to handle connections
[29-Apr-2021 06:46:04] NOTICE: Terminating ...
[29-Apr-2021 06:46:04] NOTICE: Terminating ...
[29-Apr-2021 06:46:04] NOTICE: exiting, bye-bye!
[30-Apr-2021 06:07:03] NOTICE: fpm is running, pid 1007
[30-Apr-2021 06:07:03] NOTICE: ready to handle connections
[30-Apr-2021 08:06:30] NOTICE: Terminating ...
[30-Apr-2021 08:06:30] NOTICE: Terminating ...
[30-Apr-2021 08:06:30] NOTICE: exiting, bye-bye!
[04-May-2021 06:56:26] NOTICE: fpm is running, pid 14407
[04-May-2021 06:56:26] NOTICE: ready to handle connections
[04-May-2021 08:12:51] NOTICE: Terminating ...
[04-May-2021 08:12:51] NOTICE: Terminating ...
[04-May-2021 08:12:51] NOTICE: exiting, bye-bye!
[06-May-2021 05:58:16] NOTICE: fpm is running, pid 8984
[06-May-2021 05:58:16] NOTICE: ready to handle connections
[06-May-2021 08:04:27] NOTICE: Terminating ...
[06-May-2021 08:04:27] NOTICE: Terminating ...
[06-May-2021 08:04:27] NOTICE: exiting, bye-bye!
[07-May-2021 05:58:46] NOTICE: fpm is running, pid 5062
[07-May-2021 05:58:46] NOTICE: ready to handle connections
[07-May-2021 05:58:47] NOTICE: Terminating ...
[07-May-2021 05:58:47] NOTICE: Terminating ...
[07-May-2021 05:58:47] NOTICE: exiting, bye-bye!
[07-May-2021 05:58:50] NOTICE: fpm is running, pid 5108
[07-May-2021 05:58:50] NOTICE: ready to handle connections
[07-May-2021 07:44:36] NOTICE: Terminating ...
[07-May-2021 07:44:36] NOTICE: Terminating ...
[07-May-2021 07:44:36] NOTICE: exiting, bye-bye!
[14-May-2021 06:04:48] NOTICE: fpm is running, pid 8159
[14-May-2021 06:04:49] NOTICE: ready to handle connections
[14-May-2021 08:03:18] NOTICE: Terminating ...
[14-May-2021 08:03:18] NOTICE: Terminating ...
[14-May-2021 08:03:18] NOTICE: exiting, bye-bye!
